<?xml version="1.0" encoding="UTF-8"?>
<!-- Generated by org.testng.reporters.JUnitXMLReporter -->
<testsuite hostname="DESKTOP-5VOUPJ0" ignored="1" name="test" tests="3" failures="0" timestamp="06 Jun 2019 13:06:53 GMT" time="0.03" errors="0">
  <testcase name="One" time="0.008" classname="com.class03.MethodsExample"/>
  <testcase name="Three" time="0.001" classname="com.class03.MethodsExample"/>
  <testcase name="Two" time="0.0" classname="com.class03.MethodsExample"/>
  <testcase name="Four" time="0.0" classname="com.class03.MethodsExample">
    <ignored/>
  </testcase> <!-- Four -->
</testsuite> <!-- test -->
