<?xml version="1.0" encoding="UTF-8"?>
<!-- Generated by org.testng.reporters.JUnitXMLReporter -->
<testsuite hostname="DESKTOP-5VOUPJ0" ignored="0" name="groupTest" tests="4" failures="0" timestamp="06 Jun 2019 19:54:23 GMT" time="0.034" errors="0">
  <testcase name="Four" time="0.007" classname="com.class03.GroupsExample"/>
  <testcase name="Three" time="0.001" classname="com.class03.GroupsExample"/>
  <testcase name="Two" time="0.001" classname="com.class03.GroupsExample"/>
  <testcase name="one" time="0.001" classname="com.class03.GroupsExample"/>
</testsuite> <!-- groupTest -->
