<?xml version="1.0" encoding="UTF-8"?>
<!-- Generated by org.testng.reporters.JUnitXMLReporter -->
<testsuite hostname="DESKTOP-5VOUPJ0" ignored="0" name="Test1" tests="4" failures="0" timestamp="06 Jun 2019 19:55:37 GMT" time="0.035" errors="0">
  <testcase name="four" time="0.008" classname="com.class03.AllClassTests"/>
  <testcase name="one" time="0.002" classname="com.class03.AllClassTests"/>
  <testcase name="three" time="0.001" classname="com.class03.AllClassTests"/>
  <testcase name="two" time="0.001" classname="com.class03.AllClassTests"/>
</testsuite> <!-- Test1 -->
