<?xml version="1.0" encoding="UTF-8"?>
<!-- Generated by org.testng.reporters.JUnitXMLReporter -->
<testsuite hostname="DESKTOP-5VOUPJ0" ignored="2" name="tourTest" tests="1" failures="0" timestamp="06 Jun 2019 02:27:13 GMT" time="7.197" errors="0">
  <testcase name="userInformation" time="1.859" classname="com.class03.NewtoursExample"/>
  <testcase name="contactInformation" time="0.0" classname="com.class03.NewtoursExample">
    <ignored/>
  </testcase> <!-- contactInformation -->
  <testcase name="mailingInformation" time="0.0" classname="com.class03.NewtoursExample">
    <ignored/>
  </testcase> <!-- mailingInformation -->
</testsuite> <!-- tourTest -->
