<?xml version="1.0" encoding="UTF-8"?>
<!-- Generated by org.testng.reporters.JUnitXMLReporter -->
<testsuite hostname="DESKTOP-5VOUPJ0" ignored="2" name="test" tests="1" failures="0" timestamp="06 Jun 2019 13:19:22 GMT" time="11.087" errors="0">
  <testcase name="personFourLogin" time="6.901" classname="com.class03.taskOne"/>
  <testcase name="personOneLogin" time="0.0" classname="com.class03.taskOne">
    <ignored/>
  </testcase> <!-- personOneLogin -->
  <testcase name="personThreeLogin" time="0.0" classname="com.class03.taskOne">
    <ignored/>
  </testcase> <!-- personThreeLogin -->
</testsuite> <!-- test -->
