<?xml version="1.0" encoding="UTF-8"?>
<!-- Generated by org.testng.reporters.JUnitXMLReporter -->
<testsuite hostname="DESKTOP-5VOUPJ0" ignored="0" name="Test" tests="6" failures="0" timestamp="06 Jun 2019 19:05:39 GMT" time="0.031" errors="0">
  <testcase name="testOneFromBasic1" time="0.0" classname="com.class03.BasicXMLPartOne"/>
  <testcase name="testSecondFromBasic1" time="0.0" classname="com.class03.BasicXMLPartOne"/>
  <testcase name="testThirdFromBasic1" time="0.0" classname="com.class03.BasicXMLPartOne"/>
  <testcase name="testOneFromBasic2" time="0.0" classname="com.class03.BasicXMLPartTwo"/>
  <testcase name="testSecondFromBasic2" time="0.0" classname="com.class03.BasicXMLPartTwo"/>
  <testcase name="testThirdFromBasic2" time="0.0" classname="com.class03.BasicXMLPartTwo"/>
</testsuite> <!-- Test -->
